<?xml version="1.0" encoding="UTF-8"?>
<testsuite name="it.unibo.deathnote.TestDeathNote" tests="4" skipped="0" failures="0" errors="0" timestamp="2024-11-20T17:22:39" hostname="MacBook-Pro-di-Samuele.local" time="0.05">
  <properties/>
  <testcase name="wrongRule()" classname="it.unibo.deathnote.TestDeathNote" time="0.04"/>
  <testcase name="checkDeath()" classname="it.unibo.deathnote.TestDeathNote" time="0.003"/>
  <testcase name="checkEmptyRules()" classname="it.unibo.deathnote.TestDeathNote" time="0.001"/>
  <testcase name="allRules()" classname="it.unibo.deathnote.TestDeathNote" time="0.002"/>
  <system-out><![CDATA[]]></system-out>
  <system-err><![CDATA[]]></system-err>
</testsuite>
