<?xml version="1.0" encoding="UTF-8"?>
<testsuite name="it.unibo.deathnote.TestDeathNote" tests="6" skipped="0" failures="0" errors="0" timestamp="2024-11-21T10:06:28" hostname="MacBook-Pro-di-Samuele.local" time="6.281">
  <properties/>
  <testcase name="wrongRule()" classname="it.unibo.deathnote.TestDeathNote" time="0.045"/>
  <testcase name="checkDeath()" classname="it.unibo.deathnote.TestDeathNote" time="0.004"/>
  <testcase name="checkEmptyRules()" classname="it.unibo.deathnote.TestDeathNote" time="0.001"/>
  <testcase name="testwriteDetails()" classname="it.unibo.deathnote.TestDeathNote" time="6.112"/>
  <testcase name="testwriteCause()" classname="it.unibo.deathnote.TestDeathNote" time="0.106"/>
  <testcase name="allRules()" classname="it.unibo.deathnote.TestDeathNote" time="0.002"/>
  <system-out><![CDATA[]]></system-out>
  <system-err><![CDATA[]]></system-err>
</testsuite>
